Determining if the pthread_create exist failed with the following output:
Change Dir: /home/viki/Homework/Midterm_project/build/CMakeFiles/CMakeTmp

Run Build Command:"/usr/bin/make" "cmTryCompileExec3346209007/fast"
/usr/bin/make -f CMakeFiles/cmTryCompileExec3346209007.dir/build.make CMakeFiles/cmTryCompileExec3346209007.dir/build
make[1]: Entering directory `/home/viki/Homework/Midterm_project/build/CMakeFiles/CMakeTmp'
/usr/bin/cmake -E cmake_progress_report /home/viki/Homework/Midterm_project/build/CMakeFiles/CMakeTmp/CMakeFiles 1
Building C object CMakeFiles/cmTryCompileExec3346209007.dir/CheckSymbolExists.c.o
/usr/bin/cc    -o CMakeFiles/cmTryCompileExec3346209007.dir/CheckSymbolExists.c.o   -c /home/viki/Homework/Midterm_project/build/CMakeFiles/CMakeTmp/CheckSymbolExists.c
Linking C executable cmTryCompileExec3346209007
/usr/bin/cmake -E cmake_link_script CMakeFiles/cmTryCompileExec3346209007.dir/link.txt --verbose=1
/usr/bin/cc       CMakeFiles/cmTryCompileExec3346209007.dir/CheckSymbolExists.c.o  -o cmTryCompileExec3346209007 -rdynamic 
CMakeFiles/cmTryCompileExec3346209007.dir/CheckSymbolExists.c.o: In function `main':
CheckSymbolExists.c:(.text+0x16): undefined reference to `pthread_create'
collect2: error: ld returned 1 exit status
make[1]: Leaving directory `/home/viki/Homework/Midterm_project/build/CMakeFiles/CMakeTmp'
make[1]: *** [cmTryCompileExec3346209007] Error 1
make: *** [cmTryCompileExec3346209007/fast] Error 2

File /home/viki/Homework/Midterm_project/build/CMakeFiles/CMakeTmp/CheckSymbolExists.c:
/* */
#include <pthread.h>

int main(int argc, char** argv)
{
  (void)argv;
#ifndef pthread_create
  return ((int*)(&pthread_create))[argc];
#else
  (void)argc;
  return 0;
#endif
}

Determining if the function pthread_create exists in the pthreads failed with the following output:
Change Dir: /home/viki/Homework/Midterm_project/build/CMakeFiles/CMakeTmp

Run Build Command:"/usr/bin/make" "cmTryCompileExec3371967365/fast"
/usr/bin/make -f CMakeFiles/cmTryCompileExec3371967365.dir/build.make CMakeFiles/cmTryCompileExec3371967365.dir/build
make[1]: Entering directory `/home/viki/Homework/Midterm_project/build/CMakeFiles/CMakeTmp'
/usr/bin/cmake -E cmake_progress_report /home/viki/Homework/Midterm_project/build/CMakeFiles/CMakeTmp/CMakeFiles 1
Building C object CMakeFiles/cmTryCompileExec3371967365.dir/CheckFunctionExists.c.o
/usr/bin/cc   -DCHECK_FUNCTION_EXISTS=pthread_create   -o CMakeFiles/cmTryCompileExec3371967365.dir/CheckFunctionExists.c.o   -c /usr/share/cmake-3.2/Modules/CheckFunctionExists.c
Linking C executable cmTryCompileExec3371967365
/usr/bin/cmake -E cmake_link_script CMakeFiles/cmTryCompileExec3371967365.dir/link.txt --verbose=1
/usr/bin/cc   -DCHECK_FUNCTION_EXISTS=pthread_create    CMakeFiles/cmTryCompileExec3371967365.dir/CheckFunctionExists.c.o  -o cmTryCompileExec3371967365 -rdynamic -lpthreads 
/usr/bin/ld: cannot find -lpthreads
collect2: error: ld returned 1 exit status
make[1]: Leaving directory `/home/viki/Homework/Midterm_project/build/CMakeFiles/CMakeTmp'
make[1]: *** [cmTryCompileExec3371967365] Error 1
make: *** [cmTryCompileExec3371967365/fast] Error 2


